<?xml version="1.0" encoding="UTF-8"?>
<testsuite xmlns:xsi="http://www.w3.org/2001/XMLSchema-instance" xsi:noNamespaceSchemaLocation="https://maven.apache.org/surefire/maven-surefire-plugin/xsd/surefire-test-report-3.0.xsd" version="3.0" name="hu.unideb.inf.RunCucumberTest" time="90.033" tests="19" errors="1" skipped="0" failures="0">
  <properties>
[...]
</properties>
  <testcase name="Example #1.1" classname="Examples" time="22.613">
    <system-out><![CDATA[
Scenario Outline: Logging in with invalid credentials      &amp#27;[90m# hu/unideb/inf/invalidLoginAttempt.feature:14&amp#27;[0m
  &amp#27;[32mGiven &amp#27;[0m&amp#27;[32mthe home page is displayed&amp#27;[0m                         &amp#27;[90m# hu.unideb.inf.CommonStepDefs.theHomePageIsOpened()&amp#27;[0m
  &amp#27;[32mGiven &amp#27;[0m&amp#27;[32mthe &amp#27;[0m&amp#27;[32m&amp#27;[1m'Username'&amp#27;[0m&amp#27;[32m field is filled with &amp#27;[0m&amp#27;[32m&amp#27;[1m'invalid_user'&amp#27;[0m &amp#27;[90m# hu.unideb.inf.CommonStepDefs.theFieldIsFilledWithText(java.lang.String,java.lang.String)&amp#27;[0m
  &amp#27;[32mAnd &amp#27;[0m&amp#27;[32mthe &amp#27;[0m&amp#27;[32m&amp#27;[1m'Password'&amp#27;[0m&amp#27;[32m field is filled with &amp#27;[0m&amp#27;[32m&amp#27;[1m'wrong_pass'&amp#27;[0m     &amp#27;[90m# hu.unideb.inf.CommonStepDefs.theFieldIsFilledWithText(java.lang.String,java.lang.String)&amp#27;[0m
  &amp#27;[32mWhen &amp#27;[0m&amp#27;[32mthe &amp#27;[0m&amp#27;[32m&amp#27;[1m'Login'&amp#27;[0m&amp#27;[32m button is clicked&amp#27;[0m                       &amp#27;[90m# hu.unideb.inf.CommonStepDefs.theButtonIsClicked(java.lang.String)&amp#27;[0m
  &amp#27;[32mThen &amp#27;[0m&amp#27;[32man &amp#27;[0m&amp#27;[32m&amp#27;[1m'<errorMessage>'&amp#27;[0m&amp#27;[32m should be displayed&amp#27;[0m             &amp#27;[90m# hu.unideb.inf.LoginStepDefs.an_error_message_should_be_displayed_saying(java.lang.String)&amp#27;[0m
]]></system-out>
    <system-err><![CDATA[SLF4J(W): No SLF4J providers were found.
SLF4J(W): Defaulting to no-operation (NOP) logger implementation
SLF4J(W): See https://www.slf4j.org/codes.html#noProviders for further details.
]]></system-err>
  </testcase>
  <testcase name="Example #1.1" classname="Examples" time="5.428">
    <system-out><![CDATA[
Scenario Outline: item Purchase Flow                      &amp#27;[90m# hu/unideb/inf/itemPurchase.feature:24&amp#27;[0m
  &amp#27;[32mGiven &amp#27;[0m&amp#27;[32mthe home page is displayed&amp#27;[0m                        &amp#27;[90m# hu.unideb.inf.CommonStepDefs.theHomePageIsOpened()&amp#27;[0m
  &amp#27;[32mAnd &amp#27;[0m&amp#27;[32mthe &amp#27;[0m&amp#27;[32m&amp#27;[1m'Username'&amp#27;[0m&amp#27;[32m field is filled with &amp#27;[0m&amp#27;[32m&amp#27;[1m'standard_user'&amp#27;[0m &amp#27;[90m# hu.unideb.inf.CommonStepDefs.theFieldIsFilledWithText(java.lang.String,java.lang.String)&amp#27;[0m
  &amp#27;[32mAnd &amp#27;[0m&amp#27;[32mthe &amp#27;[0m&amp#27;[32m&amp#27;[1m'Password'&amp#27;[0m&amp#27;[32m field is filled with &amp#27;[0m&amp#27;[32m&amp#27;[1m'secret_sauce'&amp#27;[0m  &amp#27;[90m# hu.unideb.inf.CommonStepDefs.theFieldIsFilledWithText(java.lang.String,java.lang.String)&amp#27;[0m
  &amp#27;[32mAnd &amp#27;[0m&amp#27;[32mthe &amp#27;[0m&amp#27;[32m&amp#27;[1m'Login'&amp#27;[0m&amp#27;[32m button is clicked&amp#27;[0m                       &amp#27;[90m# hu.unideb.inf.CommonStepDefs.theButtonIsClicked(java.lang.String)&amp#27;[0m
  &amp#27;[32mGiven &amp#27;[0m&amp#27;[32mthe &amp#27;[0m&amp#27;[32m&amp#27;[1m'Sauce Labs Backpack'&amp#27;[0m&amp#27;[32m is added to the cart&amp#27;[0m    &amp#27;[90m# hu.unideb.inf.itemPurchaseStepDefs.theItemIsAddedToTheCart(java.lang.String)&amp#27;[0m
  &amp#27;[32mAnd &amp#27;[0m&amp#27;[32mthe &amp#27;[0m&amp#27;[32m&amp#27;[1m'Cart'&amp#27;[0m&amp#27;[32m button is clicked&amp#27;[0m                        &amp#27;[90m# hu.unideb.inf.CommonStepDefs.theButtonIsClicked(java.lang.String)&amp#27;[0m
  &amp#27;[32mAnd &amp#27;[0m&amp#27;[32mthe &amp#27;[0m&amp#27;[32m&amp#27;[1m'Checkout'&amp#27;[0m&amp#27;[32m button is clicked&amp#27;[0m                    &amp#27;[90m# hu.unideb.inf.CommonStepDefs.theButtonIsClicked(java.lang.String)&amp#27;[0m
  &amp#27;[32mAnd &amp#27;[0m&amp#27;[32mthe &amp#27;[0m&amp#27;[32m&amp#27;[1m'First Name'&amp#27;[0m&amp#27;[32m field is filled with &amp#27;[0m&amp#27;[32m&amp#27;[1m'first_name'&amp#27;[0m  &amp#27;[90m# hu.unideb.inf.CommonStepDefs.theFieldIsFilledWithText(java.lang.String,java.lang.String)&amp#27;[0m
  &amp#27;[32mAnd &amp#27;[0m&amp#27;[32mthe &amp#27;[0m&amp#27;[32m&amp#27;[1m'Last Name'&amp#27;[0m&amp#27;[32m field is filled with &amp#27;[0m&amp#27;[32m&amp#27;[1m'last_name'&amp#27;[0m    &amp#27;[90m# hu.unideb.inf.CommonStepDefs.theFieldIsFilledWithText(java.lang.String,java.lang.String)&amp#27;[0m
  &amp#27;[32mAnd &amp#27;[0m&amp#27;[32mthe &amp#27;[0m&amp#27;[32m&amp#27;[1m'Zip Code'&amp#27;[0m&amp#27;[32m field is filled with &amp#27;[0m&amp#27;[32m&amp#27;[1m'1234'&amp#27;[0m          &amp#27;[90m# hu.unideb.inf.CommonStepDefs.theFieldIsFilledWithText(java.lang.String,java.lang.String)&amp#27;[0m
  &amp#27;[32mWhen &amp#27;[0m&amp#27;[32mthe &amp#27;[0m&amp#27;[32m&amp#27;[1m'Continue'&amp#27;[0m&amp#27;[32m button is clicked&amp#27;[0m                   &amp#27;[90m# hu.unideb.inf.CommonStepDefs.theButtonIsClicked(java.lang.String)&amp#27;[0m
  &amp#27;[32mThen &amp#27;[0m&amp#27;[32mthe price should read &amp#27;[0m&amp#27;[32m&amp#27;[1m'Total: $32.39'&amp#27;[0m              &amp#27;[90m# hu.unideb.inf.itemPurchaseStepDefs.thePriceShouldRead(java.lang.String)&amp#27;[0m
  &amp#27;[32mAnd &amp#27;[0m&amp#27;[32mthe &amp#27;[0m&amp#27;[32m&amp#27;[1m'Finish'&amp#27;[0m&amp#27;[32m button is clicked&amp#27;[0m                      &amp#27;[90m# hu.unideb.inf.CommonStepDefs.theButtonIsClicked(java.lang.String)&amp#27;[0m
  &amp#27;[32mAnd &amp#27;[0m&amp#27;[32mthe &amp#27;[0m&amp#27;[32m&amp#27;[1m'Back Home'&amp#27;[0m&amp#27;[32m button is clicked&amp#27;[0m                   &amp#27;[90m# hu.unideb.inf.CommonStepDefs.theButtonIsClicked(java.lang.String)&amp#27;[0m
]]></system-out>
  </testcase>
  <testcase name="Example #1.1" classname="Examples" time="0.533">
    <system-out><![CDATA[
Scenario Outline: Valid login credentials                   &amp#27;[90m# hu/unideb/inf/login.feature:13&amp#27;[0m
  &amp#27;[32mGiven &amp#27;[0m&amp#27;[32mthe home page is displayed&amp#27;[0m                          &amp#27;[90m# hu.unideb.inf.CommonStepDefs.theHomePageIsOpened()&amp#27;[0m
  &amp#27;[32mGiven &amp#27;[0m&amp#27;[32mthe &amp#27;[0m&amp#27;[32m&amp#27;[1m'Username'&amp#27;[0m&amp#27;[32m field is filled with &amp#27;[0m&amp#27;[32m&amp#27;[1m'standard_user'&amp#27;[0m &amp#27;[90m# hu.unideb.inf.CommonStepDefs.theFieldIsFilledWithText(java.lang.String,java.lang.String)&amp#27;[0m
  &amp#27;[32mAnd &amp#27;[0m&amp#27;[32mthe &amp#27;[0m&amp#27;[32m&amp#27;[1m'Password'&amp#27;[0m&amp#27;[32m field is filled with &amp#27;[0m&amp#27;[32m&amp#27;[1m'secret_sauce'&amp#27;[0m    &amp#27;[90m# hu.unideb.inf.CommonStepDefs.theFieldIsFilledWithText(java.lang.String,java.lang.String)&amp#27;[0m
  &amp#27;[32mAnd &amp#27;[0m&amp#27;[32mthe &amp#27;[0m&amp#27;[32m&amp#27;[1m'Login'&amp#27;[0m&amp#27;[32m button is clicked&amp#27;[0m                         &amp#27;[90m# hu.unideb.inf.CommonStepDefs.theButtonIsClicked(java.lang.String)&amp#27;[0m
  &amp#27;[32mThen &amp#27;[0m&amp#27;[32mI should be redirected to the inventory page&amp#27;[0m         &amp#27;[90m# hu.unideb.inf.LoginStepDefs.openInventoryPage()&amp#27;[0m
]]></system-out>
  </testcase>
  <testcase name="Example #1.1" classname="Examples" time="11.66">
    <error message="Expected condition failed: waiting for element to be clickable: By.id: logout_sidebar_link (tried for 10 second(s) with 500 milliseconds interval)&#10;Build info: version: &apos;4.27.0&apos;, revision: &apos;d6e718d134&apos;&#10;System info: os.name: &apos;Mac OS X&apos;, os.arch: &apos;aarch64&apos;, os.version: &apos;15.1.1&apos;, java.version: &apos;21.0.2&apos;&#10;Driver info: org.openqa.selenium.chrome.ChromeDriver&#10;Capabilities {acceptInsecureCerts: false, browserName: chrome, browserVersion: 131.0.6778.140, chrome: {chromedriverVersion: 131.0.6778.108 (3b014839fbc..., userDataDir: /var/folders/vl/3x1dcb_d6f5...}, fedcm:accounts: true, goog:chromeOptions: {debuggerAddress: localhost:55321}, networkConnectionEnabled: false, pageLoadStrategy: normal, platformName: mac, proxy: Proxy(), se:cdp: ws://localhost:55321/devtoo..., se:cdpVersion: 131.0.6778.140, setWindowRect: true, strictFileInteractability: false, timeouts: {implicit: 0, pageLoad: 300000, script: 30000}, unhandledPromptBehavior: dismiss and notify, webauthn:extension:credBlob: true, webauthn:extension:largeBlob: true, webauthn:extension:minPinLength: true, webauthn:extension:prf: true, webauthn:virtualAuthenticators: true}&#10;Session ID: bc9f790c61ece9322df9a2236deee2a7" type="org.openqa.selenium.TimeoutException"><![CDATA[org.openqa.selenium.TimeoutException: 
Expected condition failed: waiting for element to be clickable: By.id: logout_sidebar_link (tried for 10 second(s) with 500 milliseconds interval)
Build info: version: '4.27.0', revision: 'd6e718d134'
System info: os.name: 'Mac OS X', os.arch: 'aarch64', os.version: '15.1.1', java.version: '21.0.2'
Driver info: org.openqa.selenium.chrome.ChromeDriver
Capabilities {acceptInsecureCerts: false, browserName: chrome, browserVersion: 131.0.6778.140, chrome: {chromedriverVersion: 131.0.6778.108 (3b014839fbc..., userDataDir: /var/folders/vl/3x1dcb_d6f5...}, fedcm:accounts: true, goog:chromeOptions: {debuggerAddress: localhost:55321}, networkConnectionEnabled: false, pageLoadStrategy: normal, platformName: mac, proxy: Proxy(), se:cdp: ws://localhost:55321/devtoo..., se:cdpVersion: 131.0.6778.140, setWindowRect: true, strictFileInteractability: false, timeouts: {implicit: 0, pageLoad: 300000, script: 30000}, unhandledPromptBehavior: dismiss and notify, webauthn:extension:credBlob: true, webauthn:extension:largeBlob: true, webauthn:extension:minPinLength: true, webauthn:extension:prf: true, webauthn:virtualAuthenticators: true}
Session ID: bc9f790c61ece9322df9a2236deee2a7
	at org.openqa.selenium.support.ui.WebDriverWait.timeoutException(WebDriverWait.java:84)
	at org.openqa.selenium.support.ui.FluentWait.until(FluentWait.java:228)
	at hu.unideb.inf.HomePage.clickButton(HomePage.java:67)
	at hu.unideb.inf.CommonStepDefs.theButtonIsClicked(CommonStepDefs.java:21)
	at ✽.the 'Logout' button is clicked(classpath:hu/unideb/inf/logout.feature:12)
]]></error>
    <system-out><![CDATA[
Scenario Outline: Logging out of SauceDemo                  &amp#27;[90m# hu/unideb/inf/logout.feature:17&amp#27;[0m
  &amp#27;[32mGiven &amp#27;[0m&amp#27;[32mthe home page is displayed&amp#27;[0m                          &amp#27;[90m# hu.unideb.inf.CommonStepDefs.theHomePageIsOpened()&amp#27;[0m
  &amp#27;[32mGiven &amp#27;[0m&amp#27;[32mthe &amp#27;[0m&amp#27;[32m&amp#27;[1m'Username'&amp#27;[0m&amp#27;[32m field is filled with &amp#27;[0m&amp#27;[32m&amp#27;[1m'standard_user'&amp#27;[0m &amp#27;[90m# hu.unideb.inf.CommonStepDefs.theFieldIsFilledWithText(java.lang.String,java.lang.String)&amp#27;[0m
  &amp#27;[32mAnd &amp#27;[0m&amp#27;[32mthe &amp#27;[0m&amp#27;[32m&amp#27;[1m'Password'&amp#27;[0m&amp#27;[32m field is filled with &amp#27;[0m&amp#27;[32m&amp#27;[1m'secret_sauce'&amp#27;[0m    &amp#27;[90m# hu.unideb.inf.CommonStepDefs.theFieldIsFilledWithText(java.lang.String,java.lang.String)&amp#27;[0m
  &amp#27;[32mAnd &amp#27;[0m&amp#27;[32mthe &amp#27;[0m&amp#27;[32m&amp#27;[1m'Login'&amp#27;[0m&amp#27;[32m button is clicked&amp#27;[0m                         &amp#27;[90m# hu.unideb.inf.CommonStepDefs.theButtonIsClicked(java.lang.String)&amp#27;[0m
  &amp#27;[32mAnd &amp#27;[0m&amp#27;[32mI am on the inventory page&amp#27;[0m                            &amp#27;[90m# hu.unideb.inf.LogoutStepDefs.iAmOnTheInventoryPage()&amp#27;[0m
  &amp#27;[32mWhen &amp#27;[0m&amp#27;[32mthe &amp#27;[0m&amp#27;[32m&amp#27;[1m'Menu'&amp#27;[0m&amp#27;[32m button is clicked&amp#27;[0m                         &amp#27;[90m# hu.unideb.inf.CommonStepDefs.theButtonIsClicked(java.lang.String)&amp#27;[0m
  &amp#27;[31mAnd &amp#27;[0m&amp#27;[31mthe &amp#27;[0m&amp#27;[31m&amp#27;[1m'Logout'&amp#27;[0m&amp#27;[31m button is clicked&amp#27;[0m                        &amp#27;[90m# hu.unideb.inf.CommonStepDefs.theButtonIsClicked(java.lang.String)&amp#27;[0m
      &amp#27;[31morg.openqa.selenium.TimeoutException: Expected condition failed: waiting for element to be clickable: By.id: logout_sidebar_link (tried for 10 second(s) with 500 milliseconds interval)
Build info: version: '4.27.0', revision: 'd6e718d134'
System info: os.name: 'Mac OS X', os.arch: 'aarch64', os.version: '15.1.1', java.version: '21.0.2'
Driver info: org.openqa.selenium.chrome.ChromeDriver
Capabilities {acceptInsecureCerts: false, browserName: chrome, browserVersion: 131.0.6778.140, chrome: {chromedriverVersion: 131.0.6778.108 (3b014839fbc..., userDataDir: /var/folders/vl/3x1dcb_d6f5...}, fedcm:accounts: true, goog:chromeOptions: {debuggerAddress: localhost:55321}, networkConnectionEnabled: false, pageLoadStrategy: normal, platformName: mac, proxy: Proxy(), se:cdp: ws://localhost:55321/devtoo..., se:cdpVersion: 131.0.6778.140, setWindowRect: true, strictFileInteractability: false, timeouts: {implicit: 0, pageLoad: 300000, script: 30000}, unhandledPromptBehavior: dismiss and notify, webauthn:extension:credBlob: true, webauthn:extension:largeBlob: true, webauthn:extension:minPinLength: true, webauthn:extension:prf: true, webauthn:virtualAuthenticators: true}
Session ID: bc9f790c61ece9322df9a2236deee2a7
	at org.openqa.selenium.support.ui.WebDriverWait.timeoutException(WebDriverWait.java:84)
	at org.openqa.selenium.support.ui.FluentWait.until(FluentWait.java:228)
	at hu.unideb.inf.HomePage.clickButton(HomePage.java:67)
	at hu.unideb.inf.CommonStepDefs.theButtonIsClicked(CommonStepDefs.java:21)
	at ✽.the 'Logout' button is clicked(classpath:hu/unideb/inf/logout.feature:12)
&amp#27;[0m
  &amp#27;[36mThen &amp#27;[0m&amp#27;[36mI should be redirected to the login page&amp#27;[0m             &amp#27;[90m# hu.unideb.inf.LogoutStepDefs.iShouldBeRedirectedToTheLoginPage()&amp#27;[0m
]]></system-out>
  </testcase>
  <testcase name="Example #1.2" classname="Examples" time="1.675">
    <system-out><![CDATA[
Scenario Outline: Logging in with invalid credentials    &amp#27;[90m# hu/unideb/inf/invalidLoginAttempt.feature:15&amp#27;[0m
  &amp#27;[32mGiven &amp#27;[0m&amp#27;[32mthe home page is displayed&amp#27;[0m                       &amp#27;[90m# hu.unideb.inf.CommonStepDefs.theHomePageIsOpened()&amp#27;[0m
  &amp#27;[32mGiven &amp#27;[0m&amp#27;[32mthe &amp#27;[0m&amp#27;[32m&amp#27;[1m'Username'&amp#27;[0m&amp#27;[32m field is filled with &amp#27;[0m&amp#27;[32m&amp#27;[1m'test_user'&amp#27;[0m  &amp#27;[90m# hu.unideb.inf.CommonStepDefs.theFieldIsFilledWithText(java.lang.String,java.lang.String)&amp#27;[0m
  &amp#27;[32mAnd &amp#27;[0m&amp#27;[32mthe &amp#27;[0m&amp#27;[32m&amp#27;[1m'Password'&amp#27;[0m&amp#27;[32m field is filled with &amp#27;[0m&amp#27;[32m&amp#27;[1m'incorrect_pw'&amp#27;[0m &amp#27;[90m# hu.unideb.inf.CommonStepDefs.theFieldIsFilledWithText(java.lang.String,java.lang.String)&amp#27;[0m
  &amp#27;[32mWhen &amp#27;[0m&amp#27;[32mthe &amp#27;[0m&amp#27;[32m&amp#27;[1m'Login'&amp#27;[0m&amp#27;[32m button is clicked&amp#27;[0m                     &amp#27;[90m# hu.unideb.inf.CommonStepDefs.theButtonIsClicked(java.lang.String)&amp#27;[0m
  &amp#27;[32mThen &amp#27;[0m&amp#27;[32man &amp#27;[0m&amp#27;[32m&amp#27;[1m'<errorMessage>'&amp#27;[0m&amp#27;[32m should be displayed&amp#27;[0m           &amp#27;[90m# hu.unideb.inf.LoginStepDefs.an_error_message_should_be_displayed_saying(java.lang.String)&amp#27;[0m
]]></system-out>
  </testcase>
  <testcase name="Example #1.2" classname="Examples" time="3.662">
    <system-out><![CDATA[
Scenario Outline: item Purchase Flow                      &amp#27;[90m# hu/unideb/inf/itemPurchase.feature:25&amp#27;[0m
  &amp#27;[32mGiven &amp#27;[0m&amp#27;[32mthe home page is displayed&amp#27;[0m                        &amp#27;[90m# hu.unideb.inf.CommonStepDefs.theHomePageIsOpened()&amp#27;[0m
  &amp#27;[32mAnd &amp#27;[0m&amp#27;[32mthe &amp#27;[0m&amp#27;[32m&amp#27;[1m'Username'&amp#27;[0m&amp#27;[32m field is filled with &amp#27;[0m&amp#27;[32m&amp#27;[1m'standard_user'&amp#27;[0m &amp#27;[90m# hu.unideb.inf.CommonStepDefs.theFieldIsFilledWithText(java.lang.String,java.lang.String)&amp#27;[0m
  &amp#27;[32mAnd &amp#27;[0m&amp#27;[32mthe &amp#27;[0m&amp#27;[32m&amp#27;[1m'Password'&amp#27;[0m&amp#27;[32m field is filled with &amp#27;[0m&amp#27;[32m&amp#27;[1m'secret_sauce'&amp#27;[0m  &amp#27;[90m# hu.unideb.inf.CommonStepDefs.theFieldIsFilledWithText(java.lang.String,java.lang.String)&amp#27;[0m
  &amp#27;[32mAnd &amp#27;[0m&amp#27;[32mthe &amp#27;[0m&amp#27;[32m&amp#27;[1m'Login'&amp#27;[0m&amp#27;[32m button is clicked&amp#27;[0m                       &amp#27;[90m# hu.unideb.inf.CommonStepDefs.theButtonIsClicked(java.lang.String)&amp#27;[0m
  &amp#27;[32mGiven &amp#27;[0m&amp#27;[32mthe &amp#27;[0m&amp#27;[32m&amp#27;[1m'Sauce Labs Bike Light'&amp#27;[0m&amp#27;[32m is added to the cart&amp#27;[0m  &amp#27;[90m# hu.unideb.inf.itemPurchaseStepDefs.theItemIsAddedToTheCart(java.lang.String)&amp#27;[0m
  &amp#27;[32mAnd &amp#27;[0m&amp#27;[32mthe &amp#27;[0m&amp#27;[32m&amp#27;[1m'Cart'&amp#27;[0m&amp#27;[32m button is clicked&amp#27;[0m                        &amp#27;[90m# hu.unideb.inf.CommonStepDefs.theButtonIsClicked(java.lang.String)&amp#27;[0m
  &amp#27;[32mAnd &amp#27;[0m&amp#27;[32mthe &amp#27;[0m&amp#27;[32m&amp#27;[1m'Checkout'&amp#27;[0m&amp#27;[32m button is clicked&amp#27;[0m                    &amp#27;[90m# hu.unideb.inf.CommonStepDefs.theButtonIsClicked(java.lang.String)&amp#27;[0m
  &amp#27;[32mAnd &amp#27;[0m&amp#27;[32mthe &amp#27;[0m&amp#27;[32m&amp#27;[1m'First Name'&amp#27;[0m&amp#27;[32m field is filled with &amp#27;[0m&amp#27;[32m&amp#27;[1m'first_name'&amp#27;[0m  &amp#27;[90m# hu.unideb.inf.CommonStepDefs.theFieldIsFilledWithText(java.lang.String,java.lang.String)&amp#27;[0m
  &amp#27;[32mAnd &amp#27;[0m&amp#27;[32mthe &amp#27;[0m&amp#27;[32m&amp#27;[1m'Last Name'&amp#27;[0m&amp#27;[32m field is filled with &amp#27;[0m&amp#27;[32m&amp#27;[1m'last_name'&amp#27;[0m    &amp#27;[90m# hu.unideb.inf.CommonStepDefs.theFieldIsFilledWithText(java.lang.String,java.lang.String)&amp#27;[0m
  &amp#27;[32mAnd &amp#27;[0m&amp#27;[32mthe &amp#27;[0m&amp#27;[32m&amp#27;[1m'Zip Code'&amp#27;[0m&amp#27;[32m field is filled with &amp#27;[0m&amp#27;[32m&amp#27;[1m'1234'&amp#27;[0m          &amp#27;[90m# hu.unideb.inf.CommonStepDefs.theFieldIsFilledWithText(java.lang.String,java.lang.String)&amp#27;[0m
  &amp#27;[32mWhen &amp#27;[0m&amp#27;[32mthe &amp#27;[0m&amp#27;[32m&amp#27;[1m'Continue'&amp#27;[0m&amp#27;[32m button is clicked&amp#27;[0m                   &amp#27;[90m# hu.unideb.inf.CommonStepDefs.theButtonIsClicked(java.lang.String)&amp#27;[0m
  &amp#27;[32mThen &amp#27;[0m&amp#27;[32mthe price should read &amp#27;[0m&amp#27;[32m&amp#27;[1m'Total: $10.79'&amp#27;[0m              &amp#27;[90m# hu.unideb.inf.itemPurchaseStepDefs.thePriceShouldRead(java.lang.String)&amp#27;[0m
  &amp#27;[32mAnd &amp#27;[0m&amp#27;[32mthe &amp#27;[0m&amp#27;[32m&amp#27;[1m'Finish'&amp#27;[0m&amp#27;[32m button is clicked&amp#27;[0m                      &amp#27;[90m# hu.unideb.inf.CommonStepDefs.theButtonIsClicked(java.lang.String)&amp#27;[0m
  &amp#27;[32mAnd &amp#27;[0m&amp#27;[32mthe &amp#27;[0m&amp#27;[32m&amp#27;[1m'Back Home'&amp#27;[0m&amp#27;[32m button is clicked&amp#27;[0m                   &amp#27;[90m# hu.unideb.inf.CommonStepDefs.theButtonIsClicked(java.lang.String)&amp#27;[0m
]]></system-out>
  </testcase>
  <testcase name="Example #1.2" classname="Examples" time="0.76">
    <system-out><![CDATA[
Scenario Outline: Valid login credentials                  &amp#27;[90m# hu/unideb/inf/login.feature:14&amp#27;[0m
  &amp#27;[32mGiven &amp#27;[0m&amp#27;[32mthe home page is displayed&amp#27;[0m                         &amp#27;[90m# hu.unideb.inf.CommonStepDefs.theHomePageIsOpened()&amp#27;[0m
  &amp#27;[32mGiven &amp#27;[0m&amp#27;[32mthe &amp#27;[0m&amp#27;[32m&amp#27;[1m'Username'&amp#27;[0m&amp#27;[32m field is filled with &amp#27;[0m&amp#27;[32m&amp#27;[1m'problem_user'&amp#27;[0m &amp#27;[90m# hu.unideb.inf.CommonStepDefs.theFieldIsFilledWithText(java.lang.String,java.lang.String)&amp#27;[0m
  &amp#27;[32mAnd &amp#27;[0m&amp#27;[32mthe &amp#27;[0m&amp#27;[32m&amp#27;[1m'Password'&amp#27;[0m&amp#27;[32m field is filled with &amp#27;[0m&amp#27;[32m&amp#27;[1m'secret_sauce'&amp#27;[0m   &amp#27;[90m# hu.unideb.inf.CommonStepDefs.theFieldIsFilledWithText(java.lang.String,java.lang.String)&amp#27;[0m
  &amp#27;[32mAnd &amp#27;[0m&amp#27;[32mthe &amp#27;[0m&amp#27;[32m&amp#27;[1m'Login'&amp#27;[0m&amp#27;[32m button is clicked&amp#27;[0m                        &amp#27;[90m# hu.unideb.inf.CommonStepDefs.theButtonIsClicked(java.lang.String)&amp#27;[0m
  &amp#27;[32mThen &amp#27;[0m&amp#27;[32mI should be redirected to the inventory page&amp#27;[0m        &amp#27;[90m# hu.unideb.inf.LoginStepDefs.openInventoryPage()&amp#27;[0m
]]></system-out>
  </testcase>
  <testcase name="Example #1.2" classname="Examples" time="7.113">
    <system-out><![CDATA[
Scenario Outline: Logging out of SauceDemo                            &amp#27;[90m# hu/unideb/inf/logout.feature:18&amp#27;[0m
  &amp#27;[32mGiven &amp#27;[0m&amp#27;[32mthe home page is displayed&amp#27;[0m                                    &amp#27;[90m# hu.unideb.inf.CommonStepDefs.theHomePageIsOpened()&amp#27;[0m
  &amp#27;[32mGiven &amp#27;[0m&amp#27;[32mthe &amp#27;[0m&amp#27;[32m&amp#27;[1m'Username'&amp#27;[0m&amp#27;[32m field is filled with &amp#27;[0m&amp#27;[32m&amp#27;[1m'performance_glitch_user'&amp#27;[0m &amp#27;[90m# hu.unideb.inf.CommonStepDefs.theFieldIsFilledWithText(java.lang.String,java.lang.String)&amp#27;[0m
  &amp#27;[32mAnd &amp#27;[0m&amp#27;[32mthe &amp#27;[0m&amp#27;[32m&amp#27;[1m'Password'&amp#27;[0m&amp#27;[32m field is filled with &amp#27;[0m&amp#27;[32m&amp#27;[1m'secret_sauce'&amp#27;[0m              &amp#27;[90m# hu.unideb.inf.CommonStepDefs.theFieldIsFilledWithText(java.lang.String,java.lang.String)&amp#27;[0m
  &amp#27;[32mAnd &amp#27;[0m&amp#27;[32mthe &amp#27;[0m&amp#27;[32m&amp#27;[1m'Login'&amp#27;[0m&amp#27;[32m button is clicked&amp#27;[0m                                   &amp#27;[90m# hu.unideb.inf.CommonStepDefs.theButtonIsClicked(java.lang.String)&amp#27;[0m
  &amp#27;[32mAnd &amp#27;[0m&amp#27;[32mI am on the inventory page&amp#27;[0m                                      &amp#27;[90m# hu.unideb.inf.LogoutStepDefs.iAmOnTheInventoryPage()&amp#27;[0m
  &amp#27;[32mWhen &amp#27;[0m&amp#27;[32mthe &amp#27;[0m&amp#27;[32m&amp#27;[1m'Menu'&amp#27;[0m&amp#27;[32m button is clicked&amp#27;[0m                                   &amp#27;[90m# hu.unideb.inf.CommonStepDefs.theButtonIsClicked(java.lang.String)&amp#27;[0m
  &amp#27;[32mAnd &amp#27;[0m&amp#27;[32mthe &amp#27;[0m&amp#27;[32m&amp#27;[1m'Logout'&amp#27;[0m&amp#27;[32m button is clicked&amp#27;[0m                                  &amp#27;[90m# hu.unideb.inf.CommonStepDefs.theButtonIsClicked(java.lang.String)&amp#27;[0m
  &amp#27;[32mThen &amp#27;[0m&amp#27;[32mI should be redirected to the login page&amp#27;[0m                       &amp#27;[90m# hu.unideb.inf.LogoutStepDefs.iShouldBeRedirectedToTheLoginPage()&amp#27;[0m
]]></system-out>
  </testcase>
  <testcase name="Example #1.3" classname="Examples" time="0.502">
    <system-out><![CDATA[
Scenario Outline: Logging in with invalid credentials      &amp#27;[90m# hu/unideb/inf/invalidLoginAttempt.feature:16&amp#27;[0m
  &amp#27;[32mGiven &amp#27;[0m&amp#27;[32mthe home page is displayed&amp#27;[0m                         &amp#27;[90m# hu.unideb.inf.CommonStepDefs.theHomePageIsOpened()&amp#27;[0m
  &amp#27;[32mGiven &amp#27;[0m&amp#27;[32mthe &amp#27;[0m&amp#27;[32m&amp#27;[1m'Username'&amp#27;[0m&amp#27;[32m field is filled with &amp#27;[0m&amp#27;[32m&amp#27;[1m'non_existent'&amp#27;[0m &amp#27;[90m# hu.unideb.inf.CommonStepDefs.theFieldIsFilledWithText(java.lang.String,java.lang.String)&amp#27;[0m
  &amp#27;[32mAnd &amp#27;[0m&amp#27;[32mthe &amp#27;[0m&amp#27;[32m&amp#27;[1m'Password'&amp#27;[0m&amp#27;[32m field is filled with &amp#27;[0m&amp#27;[32m&amp#27;[1m'123456'&amp#27;[0m         &amp#27;[90m# hu.unideb.inf.CommonStepDefs.theFieldIsFilledWithText(java.lang.String,java.lang.String)&amp#27;[0m
  &amp#27;[32mWhen &amp#27;[0m&amp#27;[32mthe &amp#27;[0m&amp#27;[32m&amp#27;[1m'Login'&amp#27;[0m&amp#27;[32m button is clicked&amp#27;[0m                       &amp#27;[90m# hu.unideb.inf.CommonStepDefs.theButtonIsClicked(java.lang.String)&amp#27;[0m
  &amp#27;[32mThen &amp#27;[0m&amp#27;[32man &amp#27;[0m&amp#27;[32m&amp#27;[1m'<errorMessage>'&amp#27;[0m&amp#27;[32m should be displayed&amp#27;[0m             &amp#27;[90m# hu.unideb.inf.LoginStepDefs.an_error_message_should_be_displayed_saying(java.lang.String)&amp#27;[0m
]]></system-out>
  </testcase>
  <testcase name="Example #1.3" classname="Examples" time="7.973">
    <system-out><![CDATA[
Scenario Outline: item Purchase Flow                       &amp#27;[90m# hu/unideb/inf/itemPurchase.feature:26&amp#27;[0m
  &amp#27;[32mGiven &amp#27;[0m&amp#27;[32mthe home page is displayed&amp#27;[0m                         &amp#27;[90m# hu.unideb.inf.CommonStepDefs.theHomePageIsOpened()&amp#27;[0m
  &amp#27;[32mAnd &amp#27;[0m&amp#27;[32mthe &amp#27;[0m&amp#27;[32m&amp#27;[1m'Username'&amp#27;[0m&amp#27;[32m field is filled with &amp#27;[0m&amp#27;[32m&amp#27;[1m'standard_user'&amp#27;[0m  &amp#27;[90m# hu.unideb.inf.CommonStepDefs.theFieldIsFilledWithText(java.lang.String,java.lang.String)&amp#27;[0m
  &amp#27;[32mAnd &amp#27;[0m&amp#27;[32mthe &amp#27;[0m&amp#27;[32m&amp#27;[1m'Password'&amp#27;[0m&amp#27;[32m field is filled with &amp#27;[0m&amp#27;[32m&amp#27;[1m'secret_sauce'&amp#27;[0m   &amp#27;[90m# hu.unideb.inf.CommonStepDefs.theFieldIsFilledWithText(java.lang.String,java.lang.String)&amp#27;[0m
  &amp#27;[32mAnd &amp#27;[0m&amp#27;[32mthe &amp#27;[0m&amp#27;[32m&amp#27;[1m'Login'&amp#27;[0m&amp#27;[32m button is clicked&amp#27;[0m                        &amp#27;[90m# hu.unideb.inf.CommonStepDefs.theButtonIsClicked(java.lang.String)&amp#27;[0m
  &amp#27;[32mGiven &amp#27;[0m&amp#27;[32mthe &amp#27;[0m&amp#27;[32m&amp#27;[1m'Sauce Labs Bolt T-Shirt'&amp#27;[0m&amp#27;[32m is added to the cart&amp#27;[0m &amp#27;[90m# hu.unideb.inf.itemPurchaseStepDefs.theItemIsAddedToTheCart(java.lang.String)&amp#27;[0m
  &amp#27;[32mAnd &amp#27;[0m&amp#27;[32mthe &amp#27;[0m&amp#27;[32m&amp#27;[1m'Cart'&amp#27;[0m&amp#27;[32m button is clicked&amp#27;[0m                         &amp#27;[90m# hu.unideb.inf.CommonStepDefs.theButtonIsClicked(java.lang.String)&amp#27;[0m
  &amp#27;[32mAnd &amp#27;[0m&amp#27;[32mthe &amp#27;[0m&amp#27;[32m&amp#27;[1m'Checkout'&amp#27;[0m&amp#27;[32m button is clicked&amp#27;[0m                     &amp#27;[90m# hu.unideb.inf.CommonStepDefs.theButtonIsClicked(java.lang.String)&amp#27;[0m
  &amp#27;[32mAnd &amp#27;[0m&amp#27;[32mthe &amp#27;[0m&amp#27;[32m&amp#27;[1m'First Name'&amp#27;[0m&amp#27;[32m field is filled with &amp#27;[0m&amp#27;[32m&amp#27;[1m'first_name'&amp#27;[0m   &amp#27;[90m# hu.unideb.inf.CommonStepDefs.theFieldIsFilledWithText(java.lang.String,java.lang.String)&amp#27;[0m
  &amp#27;[32mAnd &amp#27;[0m&amp#27;[32mthe &amp#27;[0m&amp#27;[32m&amp#27;[1m'Last Name'&amp#27;[0m&amp#27;[32m field is filled with &amp#27;[0m&amp#27;[32m&amp#27;[1m'last_name'&amp#27;[0m     &amp#27;[90m# hu.unideb.inf.CommonStepDefs.theFieldIsFilledWithText(java.lang.String,java.lang.String)&amp#27;[0m
  &amp#27;[32mAnd &amp#27;[0m&amp#27;[32mthe &amp#27;[0m&amp#27;[32m&amp#27;[1m'Zip Code'&amp#27;[0m&amp#27;[32m field is filled with &amp#27;[0m&amp#27;[32m&amp#27;[1m'1234'&amp#27;[0m           &amp#27;[90m# hu.unideb.inf.CommonStepDefs.theFieldIsFilledWithText(java.lang.String,java.lang.String)&amp#27;[0m
  &amp#27;[32mWhen &amp#27;[0m&amp#27;[32mthe &amp#27;[0m&amp#27;[32m&amp#27;[1m'Continue'&amp#27;[0m&amp#27;[32m button is clicked&amp#27;[0m                    &amp#27;[90m# hu.unideb.inf.CommonStepDefs.theButtonIsClicked(java.lang.String)&amp#27;[0m
  &amp#27;[32mThen &amp#27;[0m&amp#27;[32mthe price should read &amp#27;[0m&amp#27;[32m&amp#27;[1m'Total: $17.27'&amp#27;[0m               &amp#27;[90m# hu.unideb.inf.itemPurchaseStepDefs.thePriceShouldRead(java.lang.String)&amp#27;[0m
  &amp#27;[32mAnd &amp#27;[0m&amp#27;[32mthe &amp#27;[0m&amp#27;[32m&amp#27;[1m'Finish'&amp#27;[0m&amp#27;[32m button is clicked&amp#27;[0m                       &amp#27;[90m# hu.unideb.inf.CommonStepDefs.theButtonIsClicked(java.lang.String)&amp#27;[0m
  &amp#27;[32mAnd &amp#27;[0m&amp#27;[32mthe &amp#27;[0m&amp#27;[32m&amp#27;[1m'Back Home'&amp#27;[0m&amp#27;[32m button is clicked&amp#27;[0m                    &amp#27;[90m# hu.unideb.inf.CommonStepDefs.theButtonIsClicked(java.lang.String)&amp#27;[0m
]]></system-out>
  </testcase>
  <testcase name="Example #1.3" classname="Examples" time="6.406">
    <system-out><![CDATA[
Scenario Outline: Valid login credentials                             &amp#27;[90m# hu/unideb/inf/login.feature:15&amp#27;[0m
  &amp#27;[32mGiven &amp#27;[0m&amp#27;[32mthe home page is displayed&amp#27;[0m                                    &amp#27;[90m# hu.unideb.inf.CommonStepDefs.theHomePageIsOpened()&amp#27;[0m
  &amp#27;[32mGiven &amp#27;[0m&amp#27;[32mthe &amp#27;[0m&amp#27;[32m&amp#27;[1m'Username'&amp#27;[0m&amp#27;[32m field is filled with &amp#27;[0m&amp#27;[32m&amp#27;[1m'performance_glitch_user'&amp#27;[0m &amp#27;[90m# hu.unideb.inf.CommonStepDefs.theFieldIsFilledWithText(java.lang.String,java.lang.String)&amp#27;[0m
  &amp#27;[32mAnd &amp#27;[0m&amp#27;[32mthe &amp#27;[0m&amp#27;[32m&amp#27;[1m'Password'&amp#27;[0m&amp#27;[32m field is filled with &amp#27;[0m&amp#27;[32m&amp#27;[1m'secret_sauce'&amp#27;[0m              &amp#27;[90m# hu.unideb.inf.CommonStepDefs.theFieldIsFilledWithText(java.lang.String,java.lang.String)&amp#27;[0m
  &amp#27;[32mAnd &amp#27;[0m&amp#27;[32mthe &amp#27;[0m&amp#27;[32m&amp#27;[1m'Login'&amp#27;[0m&amp#27;[32m button is clicked&amp#27;[0m                                   &amp#27;[90m# hu.unideb.inf.CommonStepDefs.theButtonIsClicked(java.lang.String)&amp#27;[0m
  &amp#27;[32mThen &amp#27;[0m&amp#27;[32mI should be redirected to the inventory page&amp#27;[0m                   &amp#27;[90m# hu.unideb.inf.LoginStepDefs.openInventoryPage()&amp#27;[0m
]]></system-out>
  </testcase>
  <testcase name="Example #1.4" classname="Examples" time="0.306">
    <system-out><![CDATA[
Scenario Outline: Logging in with invalid credentials   &amp#27;[90m# hu/unideb/inf/invalidLoginAttempt.feature:17&amp#27;[0m
  &amp#27;[32mGiven &amp#27;[0m&amp#27;[32mthe home page is displayed&amp#27;[0m                      &amp#27;[90m# hu.unideb.inf.CommonStepDefs.theHomePageIsOpened()&amp#27;[0m
  &amp#27;[32mGiven &amp#27;[0m&amp#27;[32mthe &amp#27;[0m&amp#27;[32m&amp#27;[1m'Username'&amp#27;[0m&amp#27;[32m field is filled with &amp#27;[0m&amp#27;[32m&amp#27;[1m'demo_user'&amp#27;[0m &amp#27;[90m# hu.unideb.inf.CommonStepDefs.theFieldIsFilledWithText(java.lang.String,java.lang.String)&amp#27;[0m
  &amp#27;[32mAnd &amp#27;[0m&amp#27;[32mthe &amp#27;[0m&amp#27;[32m&amp#27;[1m'Password'&amp#27;[0m&amp#27;[32m field is filled with &amp#27;[0m&amp#27;[32m&amp#27;[1m'password123'&amp#27;[0m &amp#27;[90m# hu.unideb.inf.CommonStepDefs.theFieldIsFilledWithText(java.lang.String,java.lang.String)&amp#27;[0m
  &amp#27;[32mWhen &amp#27;[0m&amp#27;[32mthe &amp#27;[0m&amp#27;[32m&amp#27;[1m'Login'&amp#27;[0m&amp#27;[32m button is clicked&amp#27;[0m                    &amp#27;[90m# hu.unideb.inf.CommonStepDefs.theButtonIsClicked(java.lang.String)&amp#27;[0m
  &amp#27;[32mThen &amp#27;[0m&amp#27;[32man &amp#27;[0m&amp#27;[32m&amp#27;[1m'<errorMessage>'&amp#27;[0m&amp#27;[32m should be displayed&amp#27;[0m          &amp#27;[90m# hu.unideb.inf.LoginStepDefs.an_error_message_should_be_displayed_saying(java.lang.String)&amp#27;[0m
]]></system-out>
  </testcase>
  <testcase name="Example #1.4" classname="Examples" time="2.493">
    <system-out><![CDATA[
Scenario Outline: item Purchase Flow                        &amp#27;[90m# hu/unideb/inf/itemPurchase.feature:27&amp#27;[0m
  &amp#27;[32mGiven &amp#27;[0m&amp#27;[32mthe home page is displayed&amp#27;[0m                          &amp#27;[90m# hu.unideb.inf.CommonStepDefs.theHomePageIsOpened()&amp#27;[0m
  &amp#27;[32mAnd &amp#27;[0m&amp#27;[32mthe &amp#27;[0m&amp#27;[32m&amp#27;[1m'Username'&amp#27;[0m&amp#27;[32m field is filled with &amp#27;[0m&amp#27;[32m&amp#27;[1m'standard_user'&amp#27;[0m   &amp#27;[90m# hu.unideb.inf.CommonStepDefs.theFieldIsFilledWithText(java.lang.String,java.lang.String)&amp#27;[0m
  &amp#27;[32mAnd &amp#27;[0m&amp#27;[32mthe &amp#27;[0m&amp#27;[32m&amp#27;[1m'Password'&amp#27;[0m&amp#27;[32m field is filled with &amp#27;[0m&amp#27;[32m&amp#27;[1m'secret_sauce'&amp#27;[0m    &amp#27;[90m# hu.unideb.inf.CommonStepDefs.theFieldIsFilledWithText(java.lang.String,java.lang.String)&amp#27;[0m
  &amp#27;[32mAnd &amp#27;[0m&amp#27;[32mthe &amp#27;[0m&amp#27;[32m&amp#27;[1m'Login'&amp#27;[0m&amp#27;[32m button is clicked&amp#27;[0m                         &amp#27;[90m# hu.unideb.inf.CommonStepDefs.theButtonIsClicked(java.lang.String)&amp#27;[0m
  &amp#27;[32mGiven &amp#27;[0m&amp#27;[32mthe &amp#27;[0m&amp#27;[32m&amp#27;[1m'Sauce Labs Fleece Jacket'&amp#27;[0m&amp#27;[32m is added to the cart&amp#27;[0m &amp#27;[90m# hu.unideb.inf.itemPurchaseStepDefs.theItemIsAddedToTheCart(java.lang.String)&amp#27;[0m
  &amp#27;[32mAnd &amp#27;[0m&amp#27;[32mthe &amp#27;[0m&amp#27;[32m&amp#27;[1m'Cart'&amp#27;[0m&amp#27;[32m button is clicked&amp#27;[0m                          &amp#27;[90m# hu.unideb.inf.CommonStepDefs.theButtonIsClicked(java.lang.String)&amp#27;[0m
  &amp#27;[32mAnd &amp#27;[0m&amp#27;[32mthe &amp#27;[0m&amp#27;[32m&amp#27;[1m'Checkout'&amp#27;[0m&amp#27;[32m button is clicked&amp#27;[0m                      &amp#27;[90m# hu.unideb.inf.CommonStepDefs.theButtonIsClicked(java.lang.String)&amp#27;[0m
  &amp#27;[32mAnd &amp#27;[0m&amp#27;[32mthe &amp#27;[0m&amp#27;[32m&amp#27;[1m'First Name'&amp#27;[0m&amp#27;[32m field is filled with &amp#27;[0m&amp#27;[32m&amp#27;[1m'first_name'&amp#27;[0m    &amp#27;[90m# hu.unideb.inf.CommonStepDefs.theFieldIsFilledWithText(java.lang.String,java.lang.String)&amp#27;[0m
  &amp#27;[32mAnd &amp#27;[0m&amp#27;[32mthe &amp#27;[0m&amp#27;[32m&amp#27;[1m'Last Name'&amp#27;[0m&amp#27;[32m field is filled with &amp#27;[0m&amp#27;[32m&amp#27;[1m'last_name'&amp#27;[0m      &amp#27;[90m# hu.unideb.inf.CommonStepDefs.theFieldIsFilledWithText(java.lang.String,java.lang.String)&amp#27;[0m
  &amp#27;[32mAnd &amp#27;[0m&amp#27;[32mthe &amp#27;[0m&amp#27;[32m&amp#27;[1m'Zip Code'&amp#27;[0m&amp#27;[32m field is filled with &amp#27;[0m&amp#27;[32m&amp#27;[1m'1234'&amp#27;[0m            &amp#27;[90m# hu.unideb.inf.CommonStepDefs.theFieldIsFilledWithText(java.lang.String,java.lang.String)&amp#27;[0m
  &amp#27;[32mWhen &amp#27;[0m&amp#27;[32mthe &amp#27;[0m&amp#27;[32m&amp#27;[1m'Continue'&amp#27;[0m&amp#27;[32m button is clicked&amp#27;[0m                     &amp#27;[90m# hu.unideb.inf.CommonStepDefs.theButtonIsClicked(java.lang.String)&amp#27;[0m
  &amp#27;[32mThen &amp#27;[0m&amp#27;[32mthe price should read &amp#27;[0m&amp#27;[32m&amp#27;[1m'Total: $53.99'&amp#27;[0m                &amp#27;[90m# hu.unideb.inf.itemPurchaseStepDefs.thePriceShouldRead(java.lang.String)&amp#27;[0m
  &amp#27;[32mAnd &amp#27;[0m&amp#27;[32mthe &amp#27;[0m&amp#27;[32m&amp#27;[1m'Finish'&amp#27;[0m&amp#27;[32m button is clicked&amp#27;[0m                        &amp#27;[90m# hu.unideb.inf.CommonStepDefs.theButtonIsClicked(java.lang.String)&amp#27;[0m
  &amp#27;[32mAnd &amp#27;[0m&amp#27;[32mthe &amp#27;[0m&amp#27;[32m&amp#27;[1m'Back Home'&amp#27;[0m&amp#27;[32m button is clicked&amp#27;[0m                     &amp#27;[90m# hu.unideb.inf.CommonStepDefs.theButtonIsClicked(java.lang.String)&amp#27;[0m
]]></system-out>
  </testcase>
  <testcase name="Example #1.4" classname="Examples" time="11.605">
    <system-out><![CDATA[
Scenario Outline: Valid login credentials                &amp#27;[90m# hu/unideb/inf/login.feature:16&amp#27;[0m
  &amp#27;[32mGiven &amp#27;[0m&amp#27;[32mthe home page is displayed&amp#27;[0m                       &amp#27;[90m# hu.unideb.inf.CommonStepDefs.theHomePageIsOpened()&amp#27;[0m
  &amp#27;[32mGiven &amp#27;[0m&amp#27;[32mthe &amp#27;[0m&amp#27;[32m&amp#27;[1m'Username'&amp#27;[0m&amp#27;[32m field is filled with &amp#27;[0m&amp#27;[32m&amp#27;[1m'error_user'&amp#27;[0m &amp#27;[90m# hu.unideb.inf.CommonStepDefs.theFieldIsFilledWithText(java.lang.String,java.lang.String)&amp#27;[0m
  &amp#27;[32mAnd &amp#27;[0m&amp#27;[32mthe &amp#27;[0m&amp#27;[32m&amp#27;[1m'Password'&amp#27;[0m&amp#27;[32m field is filled with &amp#27;[0m&amp#27;[32m&amp#27;[1m'secret_sauce'&amp#27;[0m &amp#27;[90m# hu.unideb.inf.CommonStepDefs.theFieldIsFilledWithText(java.lang.String,java.lang.String)&amp#27;[0m
  &amp#27;[32mAnd &amp#27;[0m&amp#27;[32mthe &amp#27;[0m&amp#27;[32m&amp#27;[1m'Login'&amp#27;[0m&amp#27;[32m button is clicked&amp#27;[0m                      &amp#27;[90m# hu.unideb.inf.CommonStepDefs.theButtonIsClicked(java.lang.String)&amp#27;[0m
  &amp#27;[32mThen &amp#27;[0m&amp#27;[32mI should be redirected to the inventory page&amp#27;[0m      &amp#27;[90m# hu.unideb.inf.LoginStepDefs.openInventoryPage()&amp#27;[0m
]]></system-out>
  </testcase>
  <testcase name="Example #1.5" classname="Examples" time="1.902">
    <system-out><![CDATA[
Scenario Outline: item Purchase Flow                      &amp#27;[90m# hu/unideb/inf/itemPurchase.feature:28&amp#27;[0m
  &amp#27;[32mGiven &amp#27;[0m&amp#27;[32mthe home page is displayed&amp#27;[0m                        &amp#27;[90m# hu.unideb.inf.CommonStepDefs.theHomePageIsOpened()&amp#27;[0m
  &amp#27;[32mAnd &amp#27;[0m&amp#27;[32mthe &amp#27;[0m&amp#27;[32m&amp#27;[1m'Username'&amp#27;[0m&amp#27;[32m field is filled with &amp#27;[0m&amp#27;[32m&amp#27;[1m'standard_user'&amp#27;[0m &amp#27;[90m# hu.unideb.inf.CommonStepDefs.theFieldIsFilledWithText(java.lang.String,java.lang.String)&amp#27;[0m
  &amp#27;[32mAnd &amp#27;[0m&amp#27;[32mthe &amp#27;[0m&amp#27;[32m&amp#27;[1m'Password'&amp#27;[0m&amp#27;[32m field is filled with &amp#27;[0m&amp#27;[32m&amp#27;[1m'secret_sauce'&amp#27;[0m  &amp#27;[90m# hu.unideb.inf.CommonStepDefs.theFieldIsFilledWithText(java.lang.String,java.lang.String)&amp#27;[0m
  &amp#27;[32mAnd &amp#27;[0m&amp#27;[32mthe &amp#27;[0m&amp#27;[32m&amp#27;[1m'Login'&amp#27;[0m&amp#27;[32m button is clicked&amp#27;[0m                       &amp#27;[90m# hu.unideb.inf.CommonStepDefs.theButtonIsClicked(java.lang.String)&amp#27;[0m
  &amp#27;[32mGiven &amp#27;[0m&amp#27;[32mthe &amp#27;[0m&amp#27;[32m&amp#27;[1m'Sauce Labs Onesie'&amp#27;[0m&amp#27;[32m is added to the cart&amp#27;[0m      &amp#27;[90m# hu.unideb.inf.itemPurchaseStepDefs.theItemIsAddedToTheCart(java.lang.String)&amp#27;[0m
  &amp#27;[32mAnd &amp#27;[0m&amp#27;[32mthe &amp#27;[0m&amp#27;[32m&amp#27;[1m'Cart'&amp#27;[0m&amp#27;[32m button is clicked&amp#27;[0m                        &amp#27;[90m# hu.unideb.inf.CommonStepDefs.theButtonIsClicked(java.lang.String)&amp#27;[0m
  &amp#27;[32mAnd &amp#27;[0m&amp#27;[32mthe &amp#27;[0m&amp#27;[32m&amp#27;[1m'Checkout'&amp#27;[0m&amp#27;[32m button is clicked&amp#27;[0m                    &amp#27;[90m# hu.unideb.inf.CommonStepDefs.theButtonIsClicked(java.lang.String)&amp#27;[0m
  &amp#27;[32mAnd &amp#27;[0m&amp#27;[32mthe &amp#27;[0m&amp#27;[32m&amp#27;[1m'First Name'&amp#27;[0m&amp#27;[32m field is filled with &amp#27;[0m&amp#27;[32m&amp#27;[1m'first_name'&amp#27;[0m  &amp#27;[90m# hu.unideb.inf.CommonStepDefs.theFieldIsFilledWithText(java.lang.String,java.lang.String)&amp#27;[0m
  &amp#27;[32mAnd &amp#27;[0m&amp#27;[32mthe &amp#27;[0m&amp#27;[32m&amp#27;[1m'Last Name'&amp#27;[0m&amp#27;[32m field is filled with &amp#27;[0m&amp#27;[32m&amp#27;[1m'last_name'&amp#27;[0m    &amp#27;[90m# hu.unideb.inf.CommonStepDefs.theFieldIsFilledWithText(java.lang.String,java.lang.String)&amp#27;[0m
  &amp#27;[32mAnd &amp#27;[0m&amp#27;[32mthe &amp#27;[0m&amp#27;[32m&amp#27;[1m'Zip Code'&amp#27;[0m&amp#27;[32m field is filled with &amp#27;[0m&amp#27;[32m&amp#27;[1m'1234'&amp#27;[0m          &amp#27;[90m# hu.unideb.inf.CommonStepDefs.theFieldIsFilledWithText(java.lang.String,java.lang.String)&amp#27;[0m
  &amp#27;[32mWhen &amp#27;[0m&amp#27;[32mthe &amp#27;[0m&amp#27;[32m&amp#27;[1m'Continue'&amp#27;[0m&amp#27;[32m button is clicked&amp#27;[0m                   &amp#27;[90m# hu.unideb.inf.CommonStepDefs.theButtonIsClicked(java.lang.String)&amp#27;[0m
  &amp#27;[32mThen &amp#27;[0m&amp#27;[32mthe price should read &amp#27;[0m&amp#27;[32m&amp#27;[1m'Total: $8.63'&amp#27;[0m               &amp#27;[90m# hu.unideb.inf.itemPurchaseStepDefs.thePriceShouldRead(java.lang.String)&amp#27;[0m
  &amp#27;[32mAnd &amp#27;[0m&amp#27;[32mthe &amp#27;[0m&amp#27;[32m&amp#27;[1m'Finish'&amp#27;[0m&amp#27;[32m button is clicked&amp#27;[0m                      &amp#27;[90m# hu.unideb.inf.CommonStepDefs.theButtonIsClicked(java.lang.String)&amp#27;[0m
  &amp#27;[32mAnd &amp#27;[0m&amp#27;[32mthe &amp#27;[0m&amp#27;[32m&amp#27;[1m'Back Home'&amp#27;[0m&amp#27;[32m button is clicked&amp#27;[0m                   &amp#27;[90m# hu.unideb.inf.CommonStepDefs.theButtonIsClicked(java.lang.String)&amp#27;[0m
]]></system-out>
  </testcase>
  <testcase name="Example #1.5" classname="Examples" time="0.694">
    <system-out><![CDATA[
Scenario Outline: Valid login credentials                 &amp#27;[90m# hu/unideb/inf/login.feature:17&amp#27;[0m
  &amp#27;[32mGiven &amp#27;[0m&amp#27;[32mthe home page is displayed&amp#27;[0m                        &amp#27;[90m# hu.unideb.inf.CommonStepDefs.theHomePageIsOpened()&amp#27;[0m
  &amp#27;[32mGiven &amp#27;[0m&amp#27;[32mthe &amp#27;[0m&amp#27;[32m&amp#27;[1m'Username'&amp#27;[0m&amp#27;[32m field is filled with &amp#27;[0m&amp#27;[32m&amp#27;[1m'visual_user'&amp#27;[0m &amp#27;[90m# hu.unideb.inf.CommonStepDefs.theFieldIsFilledWithText(java.lang.String,java.lang.String)&amp#27;[0m
  &amp#27;[32mAnd &amp#27;[0m&amp#27;[32mthe &amp#27;[0m&amp#27;[32m&amp#27;[1m'Password'&amp#27;[0m&amp#27;[32m field is filled with &amp#27;[0m&amp#27;[32m&amp#27;[1m'secret_sauce'&amp#27;[0m  &amp#27;[90m# hu.unideb.inf.CommonStepDefs.theFieldIsFilledWithText(java.lang.String,java.lang.String)&amp#27;[0m
  &amp#27;[32mAnd &amp#27;[0m&amp#27;[32mthe &amp#27;[0m&amp#27;[32m&amp#27;[1m'Login'&amp#27;[0m&amp#27;[32m button is clicked&amp#27;[0m                       &amp#27;[90m# hu.unideb.inf.CommonStepDefs.theButtonIsClicked(java.lang.String)&amp#27;[0m
  &amp#27;[32mThen &amp#27;[0m&amp#27;[32mI should be redirected to the inventory page&amp#27;[0m       &amp#27;[90m# hu.unideb.inf.LoginStepDefs.openInventoryPage()&amp#27;[0m
]]></system-out>
  </testcase>
  <testcase name="Example #1.6" classname="Examples" time="1.216">
    <system-out><![CDATA[
Scenario Outline: item Purchase Flow                                 &amp#27;[90m# hu/unideb/inf/itemPurchase.feature:29&amp#27;[0m
  &amp#27;[32mGiven &amp#27;[0m&amp#27;[32mthe home page is displayed&amp#27;[0m                                   &amp#27;[90m# hu.unideb.inf.CommonStepDefs.theHomePageIsOpened()&amp#27;[0m
  &amp#27;[32mAnd &amp#27;[0m&amp#27;[32mthe &amp#27;[0m&amp#27;[32m&amp#27;[1m'Username'&amp#27;[0m&amp#27;[32m field is filled with &amp#27;[0m&amp#27;[32m&amp#27;[1m'standard_user'&amp#27;[0m            &amp#27;[90m# hu.unideb.inf.CommonStepDefs.theFieldIsFilledWithText(java.lang.String,java.lang.String)&amp#27;[0m
  &amp#27;[32mAnd &amp#27;[0m&amp#27;[32mthe &amp#27;[0m&amp#27;[32m&amp#27;[1m'Password'&amp#27;[0m&amp#27;[32m field is filled with &amp#27;[0m&amp#27;[32m&amp#27;[1m'secret_sauce'&amp#27;[0m             &amp#27;[90m# hu.unideb.inf.CommonStepDefs.theFieldIsFilledWithText(java.lang.String,java.lang.String)&amp#27;[0m
  &amp#27;[32mAnd &amp#27;[0m&amp#27;[32mthe &amp#27;[0m&amp#27;[32m&amp#27;[1m'Login'&amp#27;[0m&amp#27;[32m button is clicked&amp#27;[0m                                  &amp#27;[90m# hu.unideb.inf.CommonStepDefs.theButtonIsClicked(java.lang.String)&amp#27;[0m
  &amp#27;[32mGiven &amp#27;[0m&amp#27;[32mthe &amp#27;[0m&amp#27;[32m&amp#27;[1m'Test.allTheThings() T-Shirt (Red)'&amp#27;[0m&amp#27;[32m is added to the cart&amp#27;[0m &amp#27;[90m# hu.unideb.inf.itemPurchaseStepDefs.theItemIsAddedToTheCart(java.lang.String)&amp#27;[0m
  &amp#27;[32mAnd &amp#27;[0m&amp#27;[32mthe &amp#27;[0m&amp#27;[32m&amp#27;[1m'Cart'&amp#27;[0m&amp#27;[32m button is clicked&amp#27;[0m                                   &amp#27;[90m# hu.unideb.inf.CommonStepDefs.theButtonIsClicked(java.lang.String)&amp#27;[0m
  &amp#27;[32mAnd &amp#27;[0m&amp#27;[32mthe &amp#27;[0m&amp#27;[32m&amp#27;[1m'Checkout'&amp#27;[0m&amp#27;[32m button is clicked&amp#27;[0m                               &amp#27;[90m# hu.unideb.inf.CommonStepDefs.theButtonIsClicked(java.lang.String)&amp#27;[0m
  &amp#27;[32mAnd &amp#27;[0m&amp#27;[32mthe &amp#27;[0m&amp#27;[32m&amp#27;[1m'First Name'&amp#27;[0m&amp#27;[32m field is filled with &amp#27;[0m&amp#27;[32m&amp#27;[1m'first_name'&amp#27;[0m             &amp#27;[90m# hu.unideb.inf.CommonStepDefs.theFieldIsFilledWithText(java.lang.String,java.lang.String)&amp#27;[0m
  &amp#27;[32mAnd &amp#27;[0m&amp#27;[32mthe &amp#27;[0m&amp#27;[32m&amp#27;[1m'Last Name'&amp#27;[0m&amp#27;[32m field is filled with &amp#27;[0m&amp#27;[32m&amp#27;[1m'last_name'&amp#27;[0m               &amp#27;[90m# hu.unideb.inf.CommonStepDefs.theFieldIsFilledWithText(java.lang.String,java.lang.String)&amp#27;[0m
  &amp#27;[32mAnd &amp#27;[0m&amp#27;[32mthe &amp#27;[0m&amp#27;[32m&amp#27;[1m'Zip Code'&amp#27;[0m&amp#27;[32m field is filled with &amp#27;[0m&amp#27;[32m&amp#27;[1m'1234'&amp#27;[0m                     &amp#27;[90m# hu.unideb.inf.CommonStepDefs.theFieldIsFilledWithText(java.lang.String,java.lang.String)&amp#27;[0m
  &amp#27;[32mWhen &amp#27;[0m&amp#27;[32mthe &amp#27;[0m&amp#27;[32m&amp#27;[1m'Continue'&amp#27;[0m&amp#27;[32m button is clicked&amp#27;[0m                              &amp#27;[90m# hu.unideb.inf.CommonStepDefs.theButtonIsClicked(java.lang.String)&amp#27;[0m
  &amp#27;[32mThen &amp#27;[0m&amp#27;[32mthe price should read &amp#27;[0m&amp#27;[32m&amp#27;[1m'Total: $17.27'&amp#27;[0m                         &amp#27;[90m# hu.unideb.inf.itemPurchaseStepDefs.thePriceShouldRead(java.lang.String)&amp#27;[0m
  &amp#27;[32mAnd &amp#27;[0m&amp#27;[32mthe &amp#27;[0m&amp#27;[32m&amp#27;[1m'Finish'&amp#27;[0m&amp#27;[32m button is clicked&amp#27;[0m                                 &amp#27;[90m# hu.unideb.inf.CommonStepDefs.theButtonIsClicked(java.lang.String)&amp#27;[0m
  &amp#27;[32mAnd &amp#27;[0m&amp#27;[32mthe &amp#27;[0m&amp#27;[32m&amp#27;[1m'Back Home'&amp#27;[0m&amp#27;[32m button is clicked&amp#27;[0m                              &amp#27;[90m# hu.unideb.inf.CommonStepDefs.theButtonIsClicked(java.lang.String)&amp#27;[0m
]]></system-out>
  </testcase>
  <testcase name="Verify sorting products by price from low to high" classname="Validate Inventory Sorting by Price" time="1.47">
    <system-out><![CDATA[
Scenario: Verify sorting products by price from low to high       &amp#27;[90m# hu/unideb/inf/sortingByPriceAsc.feature:9&amp#27;[0m
  &amp#27;[32mGiven &amp#27;[0m&amp#27;[32mthe home page is displayed&amp#27;[0m                                &amp#27;[90m# hu.unideb.inf.CommonStepDefs.theHomePageIsOpened()&amp#27;[0m
  &amp#27;[32mAnd &amp#27;[0m&amp#27;[32mthe &amp#27;[0m&amp#27;[32m&amp#27;[1m'Username'&amp#27;[0m&amp#27;[32m field is filled with &amp#27;[0m&amp#27;[32m&amp#27;[1m'standard_user'&amp#27;[0m         &amp#27;[90m# hu.unideb.inf.CommonStepDefs.theFieldIsFilledWithText(java.lang.String,java.lang.String)&amp#27;[0m
  &amp#27;[32mAnd &amp#27;[0m&amp#27;[32mthe &amp#27;[0m&amp#27;[32m&amp#27;[1m'Password'&amp#27;[0m&amp#27;[32m field is filled with &amp#27;[0m&amp#27;[32m&amp#27;[1m'secret_sauce'&amp#27;[0m          &amp#27;[90m# hu.unideb.inf.CommonStepDefs.theFieldIsFilledWithText(java.lang.String,java.lang.String)&amp#27;[0m
  &amp#27;[32mAnd &amp#27;[0m&amp#27;[32mthe &amp#27;[0m&amp#27;[32m&amp#27;[1m'Login'&amp#27;[0m&amp#27;[32m button is clicked&amp#27;[0m                               &amp#27;[90m# hu.unideb.inf.CommonStepDefs.theButtonIsClicked(java.lang.String)&amp#27;[0m
  &amp#27;[32mWhen &amp#27;[0m&amp#27;[32mI select &amp#27;[0m&amp#27;[32m&amp#27;[1m'Price (low to high)'&amp#27;[0m&amp#27;[32m from the filter dropdown&amp#27;[0m    &amp#27;[90m# hu.unideb.inf.SortingStepDefs.i_select_from_the_filter_dropdown(java.lang.String)&amp#27;[0m
  &amp#27;[32mThen &amp#27;[0m&amp#27;[32mall items should appear sorted by price in ascending order&amp#27;[0m &amp#27;[90m# hu.unideb.inf.SortingStepDefs.theItemsShouldBeSortedByPriceInAscendingOrder()&amp#27;[0m
]]></system-out>
  </testcase>
  <testcase name="Sorting items by price (high to low)" classname="Inventory Sorting by Price (High to Low)" time="0.952">
    <system-out><![CDATA[
Scenario: Sorting items by price (high to low)                 &amp#27;[90m# hu/unideb/inf/sortingByPriceDesc.feature:9&amp#27;[0m
  &amp#27;[32mGiven &amp#27;[0m&amp#27;[32mthe home page is displayed&amp#27;[0m                             &amp#27;[90m# hu.unideb.inf.CommonStepDefs.theHomePageIsOpened()&amp#27;[0m
  &amp#27;[32mAnd &amp#27;[0m&amp#27;[32mthe &amp#27;[0m&amp#27;[32m&amp#27;[1m'Username'&amp#27;[0m&amp#27;[32m field is filled with &amp#27;[0m&amp#27;[32m&amp#27;[1m'standard_user'&amp#27;[0m      &amp#27;[90m# hu.unideb.inf.CommonStepDefs.theFieldIsFilledWithText(java.lang.String,java.lang.String)&amp#27;[0m
  &amp#27;[32mAnd &amp#27;[0m&amp#27;[32mthe &amp#27;[0m&amp#27;[32m&amp#27;[1m'Password'&amp#27;[0m&amp#27;[32m field is filled with &amp#27;[0m&amp#27;[32m&amp#27;[1m'secret_sauce'&amp#27;[0m       &amp#27;[90m# hu.unideb.inf.CommonStepDefs.theFieldIsFilledWithText(java.lang.String,java.lang.String)&amp#27;[0m
  &amp#27;[32mAnd &amp#27;[0m&amp#27;[32mthe &amp#27;[0m&amp#27;[32m&amp#27;[1m'Login'&amp#27;[0m&amp#27;[32m button is clicked&amp#27;[0m                            &amp#27;[90m# hu.unideb.inf.CommonStepDefs.theButtonIsClicked(java.lang.String)&amp#27;[0m
  &amp#27;[32mWhen &amp#27;[0m&amp#27;[32mI select &amp#27;[0m&amp#27;[32m&amp#27;[1m'Price (high to low)'&amp#27;[0m&amp#27;[32m from the filter dropdown&amp#27;[0m &amp#27;[90m# hu.unideb.inf.SortingStepDefs.i_select_from_the_filter_dropdown(java.lang.String)&amp#27;[0m
  &amp#27;[32mThen &amp#27;[0m&amp#27;[32mthe items should be sorted by price in descending order&amp#27;[0m &amp#27;[90m# hu.unideb.inf.SortingStepDefs.theItemsShouldBeSortedByPriceInDescendingOrder()&amp#27;[0m
]]></system-out>
  </testcase>
</testsuite>